<?xml version="1.0" encoding="UTF-8"?>
<!-- Generated by org.testng.reporters.JUnitReportReporter -->
<testsuite hostname="AFZAL" failures="0" tests="1" name="TestCases.TC002_SD_PurchaseTest" time="0.754" errors="0" timestamp="2024-10-23T00:24:50 IST" skipped="0">
  <testcase classname="TestCases.TC002_SD_PurchaseTest" name="PurchaseTest" time="0.754"/>
</testsuite> <!-- TestCases.TC002_SD_PurchaseTest -->
