<?xml version="1.0" encoding="UTF-8"?>
<!-- Generated by org.testng.reporters.JUnitReportReporter -->
<testsuite hostname="AFZAL" failures="0" tests="1" name="TestCases.TC002_SD_PurchaseTest" time="1.232" errors="0" timestamp="2024-10-23T23:57:25 IST" skipped="0">
  <testcase classname="TestCases.TC002_SD_PurchaseTest" name="PurchaseTest" time="1.232"/>
</testsuite> <!-- TestCases.TC002_SD_PurchaseTest -->
